<?xml version="1.0" encoding="UTF-8"?>
<!-- Generated by org.testng.reporters.JUnitXMLReporter -->
<testsuite ignored="0" hostname="QQ.local" failures="0" tests="4" name="AllTests" time="0.055" errors="0" timestamp="2025-06-13T01:28:23 ICT">
  <testcase classname="base.BaseTest" name="@BeforeClass setup" time="0.039">
    <failure type="java.lang.NoSuchMethodError" message="&amp;apos;void org.openqa.selenium.remote.http.ClientConfig.&amp;lt;init&amp;gt;(java.net.URI, java.time.Duration, java.time.Duration, org.openqa.selenium.remote.http.Filter, java.net.Proxy, org.openqa.selenium.Credentials, javax.net.ssl.SSLContext, java.lang.String)&amp;apos;">
      <![CDATA[java.lang.NoSuchMethodError: 'void org.openqa.selenium.remote.http.ClientConfig.<init>(java.net.URI, java.time.Duration, java.time.Duration, org.openqa.selenium.remote.http.Filter, java.net.Proxy, org.openqa.selenium.Credentials, javax.net.ssl.SSLContext, java.lang.String)'
at io.appium.java_client.AppiumClientConfig.<init>(AppiumClientConfig.java:72)
at io.appium.java_client.AppiumClientConfig.defaultConfig(AppiumClientConfig.java:91)
at io.appium.java_client.remote.AppiumCommandExecutor.<init>(AppiumCommandExecutor.java:104)
at io.appium.java_client.AppiumDriver.<init>(AppiumDriver.java:102)
at io.appium.java_client.android.AndroidDriver.<init>(AndroidDriver.java:109)
at utils.DriverFactory.createDriver(DriverFactory.java:28)
at base.BaseTest.setup(BaseTest.java:16)
at java.base/java.util.ArrayList.forEach(ArrayList.java:1596)
... Removed 27 stack frames]]>
    </failure>
  </testcase> <!-- @BeforeClass setup -->
  <testcase classname="tests.MobilePOMPageTest" name="@BeforeClass setUp" time="0.0">
    <skipped/>
  </testcase> <!-- @BeforeClass setUp -->
  <testcase classname="base.BaseTest" name="@AfterClass tearDown" time="0.0">
    <skipped/>
  </testcase> <!-- @AfterClass tearDown -->
  <testcase classname="tests.MobilePOMPageTest" name="CheckCustomerTabDisplayed" time="0.0">
    <skipped/>
  </testcase> <!-- CheckCustomerTabDisplayed -->
  <testcase classname="tests.MobilePOMPageTest" name="TestAccessControl" time="0.0">
    <skipped/>
  </testcase> <!-- TestAccessControl -->
  <testcase classname="tests.MobilePOMPageTest" name="TestAccessLoginPage" time="0.0">
    <skipped/>
  </testcase> <!-- TestAccessLoginPage -->
  <testcase classname="tests.MobilePOMPageTest" name="TestOpenTabSale" time="0.0">
    <skipped/>
  </testcase> <!-- TestOpenTabSale -->
</testsuite> <!-- AllTests -->
