<?xml version="1.0" encoding="UTF-8"?>
<testsuite xmlns:xsi="http://www.w3.org/2001/XMLSchema-instance" xsi:noNamespaceSchemaLocation="https://maven.apache.org/surefire/maven-surefire-plugin/xsd/surefire-test-report-3.0.xsd" version="3.0" name="TestSuite" time="0.283" tests="7" errors="0" skipped="6" failures="1">
  <properties>
[...]
</properties>
  <testcase name="setup" classname="tests.MobilePOMPageTest" time="0.197">
    <failure message="&apos;void org.openqa.selenium.remote.http.ClientConfig.&lt;init&gt;(java.net.URI, java.time.Duration, java.time.Duration, org.openqa.selenium.remote.http.Filter, java.net.Proxy, org.openqa.selenium.Credentials, javax.net.ssl.SSLContext, java.lang.String)&apos;" type="java.lang.NoSuchMethodError"><![CDATA[java.lang.NoSuchMethodError: 'void org.openqa.selenium.remote.http.ClientConfig.<init>(java.net.URI, java.time.Duration, java.time.Duration, org.openqa.selenium.remote.http.Filter, java.net.Proxy, org.openqa.selenium.Credentials, javax.net.ssl.SSLContext, java.lang.String)'
	at io.appium.java_client.AppiumClientConfig.<init>(AppiumClientConfig.java:72)
	at io.appium.java_client.AppiumClientConfig.defaultConfig(AppiumClientConfig.java:91)
	at io.appium.java_client.remote.AppiumCommandExecutor.<init>(AppiumCommandExecutor.java:104)
	at io.appium.java_client.AppiumDriver.<init>(AppiumDriver.java:102)
	at io.appium.java_client.android.AndroidDriver.<init>(AndroidDriver.java:109)
	at utils.DriverFactory.createDriver(DriverFactory.java:28)
	at base.BaseTest.setup(BaseTest.java:16)
	at java.base/jdk.internal.reflect.DirectMethodHandleAccessor.invoke(DirectMethodHandleAccessor.java:103)
	at java.base/java.lang.reflect.Method.invoke(Method.java:580)
	at org.testng.internal.invokers.MethodInvocationHelper.invokeMethod(MethodInvocationHelper.java:139)
	at org.testng.internal.invokers.MethodInvocationHelper.invokeMethodConsideringTimeout(MethodInvocationHelper.java:69)
	at org.testng.internal.invokers.ConfigInvoker.invokeConfigurationMethod(ConfigInvoker.java:361)
	at org.testng.internal.invokers.ConfigInvoker.invokeConfigurations(ConfigInvoker.java:296)
	at org.testng.internal.invokers.TestMethodWorker.invokeBeforeClassMethods(TestMethodWorker.java:180)
	at org.testng.internal.invokers.TestMethodWorker.run(TestMethodWorker.java:122)
	at java.base/java.util.ArrayList.forEach(ArrayList.java:1596)
	at org.testng.TestRunner.privateRun(TestRunner.java:829)
	at org.testng.TestRunner.run(TestRunner.java:602)
	at org.testng.SuiteRunner.runTest(SuiteRunner.java:437)
	at org.testng.SuiteRunner.runSequentially(SuiteRunner.java:431)
	at org.testng.SuiteRunner.privateRun(SuiteRunner.java:391)
	at org.testng.SuiteRunner.run(SuiteRunner.java:330)
	at org.testng.SuiteRunnerWorker.runSuite(SuiteRunnerWorker.java:52)
	at org.testng.SuiteRunnerWorker.run(SuiteRunnerWorker.java:95)
	at org.testng.TestNG.runSuitesSequentially(TestNG.java:1256)
	at org.testng.TestNG.runSuitesLocally(TestNG.java:1176)
	at org.testng.TestNG.runSuites(TestNG.java:1099)
	at org.testng.TestNG.run(TestNG.java:1067)
	at org.apache.maven.surefire.testng.TestNGExecutor.run(TestNGExecutor.java:308)
	at org.apache.maven.surefire.testng.TestNGXmlTestSuite.execute(TestNGXmlTestSuite.java:71)
	at org.apache.maven.surefire.testng.TestNGProvider.invoke(TestNGProvider.java:113)
	at org.apache.maven.surefire.booter.ForkedBooter.runSuitesInProcess(ForkedBooter.java:385)
	at org.apache.maven.surefire.booter.ForkedBooter.execute(ForkedBooter.java:162)
	at org.apache.maven.surefire.booter.ForkedBooter.run(ForkedBooter.java:507)
	at org.apache.maven.surefire.booter.ForkedBooter.main(ForkedBooter.java:495)
]]></failure>
    <system-out><![CDATA[APPIUM_SERVER_URL: http://127.0.0.1:4723
]]></system-out>
    <system-err><![CDATA[SLF4J: No SLF4J providers were found.
SLF4J: Defaulting to no-operation (NOP) logger implementation
SLF4J: See https://www.slf4j.org/codes.html#noProviders for further details.
]]></system-err>
  </testcase>
  <testcase name="setUp" classname="tests.MobilePOMPageTest" time="0.0">
    <skipped/>
  </testcase>
  <testcase name="CheckCustomerTabDisplayed" classname="tests.MobilePOMPageTest" time="0.0">
    <skipped message="&apos;void org.openqa.selenium.remote.http.ClientConfig.&lt;init&gt;(java.net.URI, java.time.Duration, java.time.Duration, org.openqa.selenium.remote.http.Filter, java.net.Proxy, org.openqa.selenium.Credentials, javax.net.ssl.SSLContext, java.lang.String)&apos;"/>
  </testcase>
  <testcase name="TestAccessControl" classname="tests.MobilePOMPageTest" time="0.0">
    <skipped message="&apos;void org.openqa.selenium.remote.http.ClientConfig.&lt;init&gt;(java.net.URI, java.time.Duration, java.time.Duration, org.openqa.selenium.remote.http.Filter, java.net.Proxy, org.openqa.selenium.Credentials, javax.net.ssl.SSLContext, java.lang.String)&apos;"/>
  </testcase>
  <testcase name="TestAccessLoginPage" classname="tests.MobilePOMPageTest" time="0.0">
    <skipped message="&apos;void org.openqa.selenium.remote.http.ClientConfig.&lt;init&gt;(java.net.URI, java.time.Duration, java.time.Duration, org.openqa.selenium.remote.http.Filter, java.net.Proxy, org.openqa.selenium.Credentials, javax.net.ssl.SSLContext, java.lang.String)&apos;"/>
  </testcase>
  <testcase name="TestOpenTabSale" classname="tests.MobilePOMPageTest" time="0.0">
    <skipped message="&apos;void org.openqa.selenium.remote.http.ClientConfig.&lt;init&gt;(java.net.URI, java.time.Duration, java.time.Duration, org.openqa.selenium.remote.http.Filter, java.net.Proxy, org.openqa.selenium.Credentials, javax.net.ssl.SSLContext, java.lang.String)&apos;"/>
  </testcase>
  <testcase name="tearDown" classname="tests.MobilePOMPageTest" time="0.0">
    <skipped/>
  </testcase>
</testsuite>